<?xml version="1.0" encoding="UTF-8"?>
<testsuite name="com.phonebook.tests.AddContactTest" tests="1" skipped="0" failures="0" errors="0" timestamp="2025-09-10T15:56:16.895Z" hostname="Mac.lan" time="1.967">
  <properties/>
  <testcase name="addContactPositiveTest" classname="com.phonebook.tests.AddContactTest" time="1.967"/>
  <system-out><![CDATA[]]></system-out>
  <system-err><![CDATA[]]></system-err>
</testsuite>
